<?xml version="1.0" encoding="UTF-8"?>
<!-- Generated by org.testng.reporters.JUnitXMLReporter -->
<testsuite hostname="L-156165319" ignored="0" name="Demo Test" tests="1" failures="1" timestamp="13 Jul 2019 08:49:03 GMT" time="27.791" errors="0">
  <testcase name="tc_buyCamera" time="0.163" classname="com.telstra.testcases.FlipkartHomePageTests">
    <failure type="java.io.FileNotFoundException" message="C:\Users\ve40007843\Documents\DemoProjects\TelstraDemosrc\test\resources\TestData.xlsx (The system cannot find the path specified)">
      <![CDATA[java.io.FileNotFoundException: C:\Users\ve40007843\Documents\DemoProjects\TelstraDemosrc\test\resources\TestData.xlsx (The system cannot find the path specified)
	at java.io.FileInputStream.open0(Native Method)
	at java.io.FileInputStream.open(FileInputStream.java:195)
	at java.io.FileInputStream.<init>(FileInputStream.java:138)
	at com.telstra.utility.ReadDataExcel.readExcel(ReadDataExcel.java:19)
	at com.telstra.testcases.FlipkartHomePageTests.tc_buyCamera(FlipkartHomePageTests.java:17)
... Removed 25 stack frames]]>
    </failure>
  </testcase> <!-- tc_buyCamera -->
</testsuite> <!-- Demo Test -->
