<?xml version="1.0" encoding="UTF-8"?>
<!-- Generated by org.testng.reporters.JUnitXMLReporter -->
<testsuite hostname="EC2AMAZ-0VEGHJH" ignored="0" name="Firefox Test" tests="1" failures="0" timestamp="15 Jul 2019 12:58:43 GMT" time="2.781" errors="0">
  <testcase name="@BeforeMethod openBrowser" time="2.719" classname="com.telstra.setup.BaseTestPage">
    <failure type="java.lang.NullPointerException">
      <![CDATA[java.lang.NullPointerException
	at com.telstra.setup.BaseTestPage.openBrowser(BaseTestPage.java:77)
... Removed 27 stack frames]]>
    </failure>
  </testcase> <!-- @BeforeMethod openBrowser -->
  <testcase name="tc_buyCamera" time="0.0" classname="com.telstra.testcases.FlipkartHomePageTests">
    <skipped/>
  </testcase> <!-- tc_buyCamera -->
</testsuite> <!-- Firefox Test -->
