<?xml version="1.0" encoding="UTF-8"?>
<!-- Generated by org.testng.reporters.JUnitXMLReporter -->
<testsuite hostname="C02VX0BAG8WN" ignored="0" name="Default test" tests="4" failures="0" timestamp="14 Aug 2019 07:58:58 GMT" time="41.676" errors="0">
  <testcase name="tc_loginFlipkart" time="1.858" classname="com.wipro.telstra.testcases.FlipkartHomePageTestsCases"/>
  <testcase name="tc_buyCamera" time="12.619" classname="com.wipro.telstra.testcases.FlipkartHomePageTestsCases"/>
  <testcase name="tc_checkOutCart" time="4.016" classname="com.wipro.telstra.testcases.FlipkartHomePageTestsCases"/>
  <testcase name="tc_removeItem" time="3.919" classname="com.wipro.telstra.testcases.FlipkartHomePageTestsCases"/>
</testsuite> <!-- Default test -->
