<?xml version="1.0" encoding="UTF-8"?>
<testng-results skipped="0" failed="0" ignored="0" total="3" passed="3">
  <reporter-output>
    <line>
      <![CDATA[Passed Actual Text:https://www.flipkart.com/]]>
    </line>
    <line>
      <![CDATA[Pass Text present Sony CyberShot DSC-W800/SC IN5]]>
    </line>
    <line>
      <![CDATA[Pass Text present PAYMENT OPTIONS]]>
    </line>
  </reporter-output>
  <suite name="Default suite" duration-ms="39828" started-at="2019-07-30T09:06:36Z" finished-at="2019-07-30T09:07:15Z">
    <groups>
    </groups>
    <test name="Default test" duration-ms="39828" started-at="2019-07-30T09:06:36Z" finished-at="2019-07-30T09:07:15Z">
      <class name="com.wipro.telstra.testcases.FlipkartHomePageTestsCases">
        <test-method status="PASS" signature="openBrowser(java.lang.String)[pri:0, instance:com.wipro.telstra.testcases.FlipkartHomePageTestsCases@4667ae56]" name="openBrowser" is-config="true" duration-ms="8200" started-at="2019-07-30T09:06:36Z" finished-at="2019-07-30T09:06:44Z">
          <params>
            <param index="0">
              <value>
                <![CDATA[chrome]]>
              </value>
            </param>
          </params>
          <reporter-output>
          </reporter-output>
        </test-method> <!-- openBrowser -->
        <test-method status="PASS" signature="tc_loginFlipkart()[pri:1, instance:com.wipro.telstra.testcases.FlipkartHomePageTestsCases@4667ae56]" name="tc_loginFlipkart" duration-ms="3333" started-at="2019-07-30T09:06:44Z" description="Verify user successfully logged in" finished-at="2019-07-30T09:06:47Z">
          <reporter-output>
            <line>
              <![CDATA[Passed Actual Text:https://www.flipkart.com/]]>
            </line>
          </reporter-output>
        </test-method> <!-- tc_loginFlipkart -->
        <test-method status="PASS" signature="tear()[pri:0, instance:com.wipro.telstra.testcases.FlipkartHomePageTestsCases@4667ae56]" name="tear" is-config="true" duration-ms="715" started-at="2019-07-30T09:06:47Z" finished-at="2019-07-30T09:06:48Z">
          <reporter-output>
          </reporter-output>
        </test-method> <!-- tear -->
        <test-method status="PASS" signature="openBrowser(java.lang.String)[pri:0, instance:com.wipro.telstra.testcases.FlipkartHomePageTestsCases@4667ae56]" name="openBrowser" is-config="true" duration-ms="7183" started-at="2019-07-30T09:06:48Z" finished-at="2019-07-30T09:06:55Z">
          <params>
            <param index="0">
              <value>
                <![CDATA[chrome]]>
              </value>
            </param>
          </params>
          <reporter-output>
          </reporter-output>
        </test-method> <!-- openBrowser -->
        <test-method status="PASS" signature="tc_buyCamera()[pri:2, instance:com.wipro.telstra.testcases.FlipkartHomePageTestsCases@4667ae56]" name="tc_buyCamera" duration-ms="6282" started-at="2019-07-30T09:06:55Z" description="Verify user selects camera and  add to cart" finished-at="2019-07-30T09:07:01Z">
          <reporter-output>
            <line>
              <![CDATA[Pass Text present Sony CyberShot DSC-W800/SC IN5]]>
            </line>
          </reporter-output>
        </test-method> <!-- tc_buyCamera -->
        <test-method status="PASS" signature="tear()[pri:0, instance:com.wipro.telstra.testcases.FlipkartHomePageTestsCases@4667ae56]" name="tear" is-config="true" duration-ms="738" started-at="2019-07-30T09:07:01Z" finished-at="2019-07-30T09:07:02Z">
          <reporter-output>
          </reporter-output>
        </test-method> <!-- tear -->
        <test-method status="PASS" signature="openBrowser(java.lang.String)[pri:0, instance:com.wipro.telstra.testcases.FlipkartHomePageTestsCases@4667ae56]" name="openBrowser" is-config="true" duration-ms="7337" started-at="2019-07-30T09:07:02Z" finished-at="2019-07-30T09:07:09Z">
          <params>
            <param index="0">
              <value>
                <![CDATA[chrome]]>
              </value>
            </param>
          </params>
          <reporter-output>
          </reporter-output>
        </test-method> <!-- openBrowser -->
        <test-method status="PASS" signature="tc_checkOutCart()[pri:3, instance:com.wipro.telstra.testcases.FlipkartHomePageTestsCases@4667ae56]" name="tc_checkOutCart" duration-ms="5296" started-at="2019-07-30T09:07:09Z" description="Verify user navigates to payment options then logout" finished-at="2019-07-30T09:07:15Z">
          <reporter-output>
            <line>
              <![CDATA[Pass Text present PAYMENT OPTIONS]]>
            </line>
          </reporter-output>
        </test-method> <!-- tc_checkOutCart -->
        <test-method status="PASS" signature="tear()[pri:0, instance:com.wipro.telstra.testcases.FlipkartHomePageTestsCases@4667ae56]" name="tear" is-config="true" duration-ms="710" started-at="2019-07-30T09:07:15Z" finished-at="2019-07-30T09:07:15Z">
          <reporter-output>
          </reporter-output>
        </test-method> <!-- tear -->
      </class> <!-- com.wipro.telstra.testcases.FlipkartHomePageTestsCases -->
    </test> <!-- Default test -->
  </suite> <!-- Default suite -->
</testng-results>
